<?xml version="1.0" encoding="utf-8"?><testsuites><testsuite errors="0" failures="0" hostname="LT-RakeshE-1763" name="pytest" skipped="0" tests="3" time="38.423" timestamp="2020-08-15T18:20:32.551181"><testcase classname="test_HomePage.TestHomePage" file="test_HomePage.py" line="50" name="test_formSubmission[getData0]" time="12.147"></testcase><testcase classname="test_HomePage.TestHomePage" file="test_HomePage.py" line="50" name="test_formSubmission[getData1]" time="4.730"></testcase><testcase classname="test_e2e.TestOne" file="test_e2e.py" line="91" name="test_e2e" time="21.488"></testcase></testsuite></testsuites>